# JRE version: Java(TM) SE Runtime Environment (8.0_201-b09) (build 1.8.0_201-b09)
# Java VM: Java HotSpot(TM) 64-Bit Server VM (25.201-b09 mixed mode windows-amd64 compressed oops)
Heap:
 PSYoungGen      total 598016K, used 572792K [0x000000076dd80000, 0x0000000797500000, 0x00000007c0000000)
  eden space 574976K, 99% used [0x000000076dd80000,0x0000000790b36140,0x0000000790f00000)
  from space 23040K, 7% used [0x0000000790f00000,0x00000007910a80d0,0x0000000792580000)
  to   space 22528K, 0% used [0x0000000795f00000,0x0000000795f00000,0x0000000797500000)
 ParOldGen       total 208896K, used 31390K [0x00000006c9800000, 0x00000006d6400000, 0x000000076dd80000)
  object space 208896K, 15% used [0x00000006c9800000,0x00000006cb6a78f8,0x00000006d6400000)
 Metaspace       used 56677K, capacity 59753K, committed 59864K, reserved 1101824K
  class space    used 7389K, capacity 7919K, committed 7936K, reserved 1048576K
GC Heap History (10 events):
Event: 594.094 GC heap before
{Heap before GC invocations=12 (full 3):
 PSYoungGen      total 457728K, used 437821K [0x000000076dd80000, 0x000000078bb00000, 0x00000007c0000000)
  eden space 435712K, 100% used [0x000000076dd80000,0x0000000788700000,0x0000000788700000)
  from space 22016K, 9% used [0x0000000789d00000,0x0000000789f0f5d0,0x000000078b280000)
  to   space 22528K, 0% used [0x0000000788700000,0x0000000788700000,0x0000000789d00000)
 ParOldGen       total 208896K, used 31350K [0x00000006c9800000, 0x00000006d6400000, 0x000000076dd80000)
  object space 208896K, 15% used [0x00000006c9800000,0x00000006cb69d8f8,0x00000006d6400000)
 Metaspace       used 56677K, capacity 59753K, committed 59864K, reserved 1101824K
  class space    used 7389K, capacity 7919K, committed 7936K, reserved 1048576K
Event: 594.097 GC heap after
Heap after GC invocations=12 (full 3):
 PSYoungGen      total 458240K, used 1584K [0x000000076dd80000, 0x0000000790b80000, 0x00000007c0000000)
  eden space 435712K, 0% used [0x000000076dd80000,0x000000076dd80000,0x0000000788700000)
  from space 22528K, 7% used [0x0000000788700000,0x000000078888c0e0,0x0000000789d00000)
  to   space 23040K, 0% used [0x000000078f500000,0x000000078f500000,0x0000000790b80000)
 ParOldGen       total 208896K, used 31358K [0x00000006c9800000, 0x00000006d6400000, 0x000000076dd80000)
  object space 208896K, 15% used [0x00000006c9800000,0x00000006cb69f8f8,0x00000006d6400000)
 Metaspace       used 56677K, capacity 59753K, committed 59864K, reserved 1101824K
  class space    used 7389K, capacity 7919K, committed 7936K, reserved 1048576K
}
Event: 596.431 GC heap before
{Heap before GC invocations=13 (full 3):
 PSYoungGen      total 458240K, used 437296K [0x000000076dd80000, 0x0000000790b80000, 0x00000007c0000000)
  eden space 435712K, 100% used [0x000000076dd80000,0x0000000788700000,0x0000000788700000)
  from space 22528K, 7% used [0x0000000788700000,0x000000078888c0e0,0x0000000789d00000)
  to   space 23040K, 0% used [0x000000078f500000,0x000000078f500000,0x0000000790b80000)
 ParOldGen       total 208896K, used 31358K [0x00000006c9800000, 0x00000006d6400000, 0x000000076dd80000)
  object space 208896K, 15% used [0x00000006c9800000,0x00000006cb69f8f8,0x00000006d6400000)
 Metaspace       used 56677K, capacity 59753K, committed 59864K, reserved 1101824K
  class space    used 7389K, capacity 7919K, committed 7936K, reserved 1048576K
Event: 596.433 GC heap after
Heap after GC invocations=13 (full 3):
 PSYoungGen      total 522752K, used 1680K [0x000000076dd80000, 0x000000078ff80000, 0x00000007c0000000)
  eden space 512000K, 0% used [0x000000076dd80000,0x000000076dd80000,0x000000078d180000)
  from space 10752K, 15% used [0x000000078f500000,0x000000078f6a4120,0x000000078ff80000)
  to   space 23552K, 0% used [0x000000078d180000,0x000000078d180000,0x000000078e880000)
 ParOldGen       total 208896K, used 31366K [0x00000006c9800000, 0x00000006d6400000, 0x000000076dd80000)
  object space 208896K, 15% used [0x00000006c9800000,0x00000006cb6a18f8,0x00000006d6400000)
 Metaspace       used 56677K, capacity 59753K, committed 59864K, reserved 1101824K
  class space    used 7389K, capacity 7919K, committed 7936K, reserved 1048576K
}
Event: 601.093 GC heap before
{Heap before GC invocations=14 (full 3):
 PSYoungGen      total 522752K, used 513680K [0x000000076dd80000, 0x000000078ff80000, 0x00000007c0000000)
  eden space 512000K, 100% used [0x000000076dd80000,0x000000078d180000,0x000000078d180000)
  from space 10752K, 15% used [0x000000078f500000,0x000000078f6a4120,0x000000078ff80000)
  to   space 23552K, 0% used [0x000000078d180000,0x000000078d180000,0x000000078e880000)
 ParOldGen       total 208896K, used 31366K [0x00000006c9800000, 0x00000006d6400000, 0x000000076dd80000)
  object space 208896K, 15% used [0x00000006c9800000,0x00000006cb6a18f8,0x00000006d6400000)
 Metaspace       used 56677K, capacity 59753K, committed 59864K, reserved 1101824K
  class space    used 7389K, capacity 7919K, committed 7936K, reserved 1048576K
Event: 601.095 GC heap after
Heap after GC invocations=14 (full 3):
 PSYoungGen      total 535552K, used 1680K [0x000000076dd80000, 0x0000000794780000, 0x00000007c0000000)
  eden space 512000K, 0% used [0x000000076dd80000,0x000000076dd80000,0x000000078d180000)
  from space 23552K, 7% used [0x000000078d180000,0x000000078d3240e0,0x000000078e880000)
  to   space 23040K, 0% used [0x0000000793100000,0x0000000793100000,0x0000000794780000)
 ParOldGen       total 208896K, used 31374K [0x00000006c9800000, 0x00000006d6400000, 0x000000076dd80000)
  object space 208896K, 15% used [0x00000006c9800000,0x00000006cb6a38f8,0x00000006d6400000)
 Metaspace       used 56677K, capacity 59753K, committed 59864K, reserved 1101824K
  class space    used 7389K, capacity 7919K, committed 7936K, reserved 1048576K
}
Event: 603.902 GC heap before
{Heap before GC invocations=15 (full 3):
 PSYoungGen      total 535552K, used 513680K [0x000000076dd80000, 0x0000000794780000, 0x00000007c0000000)
  eden space 512000K, 100% used [0x000000076dd80000,0x000000078d180000,0x000000078d180000)
  from space 23552K, 7% used [0x000000078d180000,0x000000078d3240e0,0x000000078e880000)
  to   space 23040K, 0% used [0x0000000793100000,0x0000000793100000,0x0000000794780000)
 ParOldGen       total 208896K, used 31374K [0x00000006c9800000, 0x00000006d6400000, 0x000000076dd80000)
  object space 208896K, 15% used [0x00000006c9800000,0x00000006cb6a38f8,0x00000006d6400000)
 Metaspace       used 56677K, capacity 59753K, committed 59864K, reserved 1101824K
  class space    used 7389K, capacity 7919K, committed 7936K, reserved 1048576K
Event: 603.905 GC heap after
Heap after GC invocations=15 (full 3):
 PSYoungGen      total 586240K, used 1616K [0x000000076dd80000, 0x0000000793c00000, 0x00000007c0000000)
  eden space 574976K, 0% used [0x000000076dd80000,0x000000076dd80000,0x0000000790f00000)
  from space 11264K, 14% used [0x0000000793100000,0x00000007932940c0,0x0000000793c00000)
  to   space 23040K, 0% used [0x0000000790f00000,0x0000000790f00000,0x0000000792580000)
 ParOldGen       total 208896K, used 31382K [0x00000006c9800000, 0x00000006d6400000, 0x000000076dd80000)
  object space 208896K, 15% used [0x00000006c9800000,0x00000006cb6a58f8,0x00000006d6400000)
 Metaspace       used 56677K, capacity 59753K, committed 59864K, reserved 1101824K
  class space    used 7389K, capacity 7919K, committed 7936K, reserved 1048576K
}
Event: 607.430 GC heap before
{Heap before GC invocations=16 (full 3):
 PSYoungGen      total 586240K, used 576592K [0x000000076dd80000, 0x0000000793c00000, 0x00000007c0000000)
  eden space 574976K, 100% used [0x000000076dd80000,0x0000000790f00000,0x0000000790f00000)
  from space 11264K, 14% used [0x0000000793100000,0x00000007932940c0,0x0000000793c00000)
  to   space 23040K, 0% used [0x0000000790f00000,0x0000000790f00000,0x0000000792580000)
 ParOldGen       total 208896K, used 31382K [0x00000006c9800000, 0x00000006d6400000, 0x000000076dd80000)
  object space 208896K, 15% used [0x00000006c9800000,0x00000006cb6a58f8,0x00000006d6400000)
 Metaspace       used 56677K, capacity 59753K, committed 59864K, reserved 1101824K
  class space    used 7389K, capacity 7919K, committed 7936K, reserved 1048576K
Event: 607.432 GC heap after
Heap after GC invocations=16 (full 3):
 PSYoungGen      total 598016K, used 1696K [0x000000076dd80000, 0x0000000797500000, 0x00000007c0000000)
  eden space 574976K, 0% used [0x000000076dd80000,0x000000076dd80000,0x0000000790f00000)
  from space 23040K, 7% used [0x0000000790f00000,0x00000007910a80d0,0x0000000792580000)
  to   space 22528K, 0% used [0x0000000795f00000,0x0000000795f00000,0x0000000797500000)
 ParOldGen       total 208896K, used 31390K [0x00000006c9800000, 0x00000006d6400000, 0x000000076dd80000)
  object space 208896K, 15% used [0x00000006c9800000,0x00000006cb6a78f8,0x00000006d6400000)
 Metaspace       used 56677K, capacity 59753K, committed 59864K, reserved 1101824K
  class space    used 7389K, capacity 7919K, committed 7936K, reserved 1048576K
}

